<?xml version="1.0" encoding="UTF-8"?>
<testsuite xmlns:xsi="http://www.w3.org/2001/XMLSchema-instance" xsi:noNamespaceSchemaLocation="https://maven.apache.org/surefire/maven-surefire-plugin/xsd/surefire-test-report.xsd" name="main.TestSuite" time="0.684" tests="11" errors="0" skipped="0" failures="0">
  <properties>
    <property name="java.specification.version" value="16"/>
    <property name="sun.jnu.encoding" value="UTF-8"/>
    <property name="java.class.path" value="/home/suvres/Dokumenty/AGH/sprawozdania/suvres/semestr5/java/lab_3/target/test-classes:/home/suvres/Dokumenty/AGH/sprawozdania/suvres/semestr5/java/lab_3/target/classes:/home/suvres/.m2/repository/junit/junit/4.11/junit-4.11.jar:/home/suvres/.m2/repository/org/hamcrest/hamcrest-core/1.3/hamcrest-core-1.3.jar:/home/suvres/.m2/repository/org/jacoco/jacoco-maven-plugin/0.8.7/jacoco-maven-plugin-0.8.7.jar:/home/suvres/.m2/repository/org/apache/maven/maven-plugin-api/3.0/maven-plugin-api-3.0.jar:/home/suvres/.m2/repository/org/apache/maven/maven-model/3.0/maven-model-3.0.jar:/home/suvres/.m2/repository/org/apache/maven/maven-artifact/3.0/maven-artifact-3.0.jar:/home/suvres/.m2/repository/org/sonatype/sisu/sisu-inject-plexus/1.4.2/sisu-inject-plexus-1.4.2.jar:/home/suvres/.m2/repository/org/sonatype/sisu/sisu-inject-bean/1.4.2/sisu-inject-bean-1.4.2.jar:/home/suvres/.m2/repository/org/sonatype/sisu/sisu-guice/2.1.7/sisu-guice-2.1.7-noaop.jar:/home/suvres/.m2/repository/org/apache/maven/maven-core/3.0/maven-core-3.0.jar:/home/suvres/.m2/repository/org/apache/maven/maven-settings/3.0/maven-settings-3.0.jar:/home/suvres/.m2/repository/org/apache/maven/maven-settings-builder/3.0/maven-settings-builder-3.0.jar:/home/suvres/.m2/repository/org/apache/maven/maven-repository-metadata/3.0/maven-repository-metadata-3.0.jar:/home/suvres/.m2/repository/org/apache/maven/maven-model-builder/3.0/maven-model-builder-3.0.jar:/home/suvres/.m2/repository/org/apache/maven/maven-aether-provider/3.0/maven-aether-provider-3.0.jar:/home/suvres/.m2/repository/org/sonatype/aether/aether-impl/1.7/aether-impl-1.7.jar:/home/suvres/.m2/repository/org/sonatype/aether/aether-spi/1.7/aether-spi-1.7.jar:/home/suvres/.m2/repository/org/sonatype/aether/aether-api/1.7/aether-api-1.7.jar:/home/suvres/.m2/repository/org/sonatype/aether/aether-util/1.7/aether-util-1.7.jar:/home/suvres/.m2/repository/org/codehaus/plexus/plexus-interpolation/1.14/plexus-interpolation-1.14.jar:/home/suvres/.m2/repository/org/codehaus/plexus/plexus-classworlds/2.2.3/plexus-classworlds-2.2.3.jar:/home/suvres/.m2/repository/org/codehaus/plexus/plexus-component-annotations/1.5.5/plexus-component-annotations-1.5.5.jar:/home/suvres/.m2/repository/org/sonatype/plexus/plexus-sec-dispatcher/1.3/plexus-sec-dispatcher-1.3.jar:/home/suvres/.m2/repository/org/sonatype/plexus/plexus-cipher/1.4/plexus-cipher-1.4.jar:/home/suvres/.m2/repository/org/codehaus/plexus/plexus-utils/3.0.22/plexus-utils-3.0.22.jar:/home/suvres/.m2/repository/org/apache/maven/shared/file-management/1.2.1/file-management-1.2.1.jar:/home/suvres/.m2/repository/org/apache/maven/shared/maven-shared-io/1.1/maven-shared-io-1.1.jar:/home/suvres/.m2/repository/org/apache/maven/maven-artifact-manager/2.0.2/maven-artifact-manager-2.0.2.jar:/home/suvres/.m2/repository/org/apache/maven/wagon/wagon-provider-api/1.0-alpha-6/wagon-provider-api-1.0-alpha-6.jar:/home/suvres/.m2/repository/org/codehaus/plexus/plexus-container-default/1.0-alpha-9/plexus-container-default-1.0-alpha-9.jar:/home/suvres/.m2/repository/classworlds/classworlds/1.1-alpha-2/classworlds-1.1-alpha-2.jar:/home/suvres/.m2/repository/org/apache/maven/reporting/maven-reporting-api/3.0/maven-reporting-api-3.0.jar:/home/suvres/.m2/repository/org/apache/maven/doxia/doxia-sink-api/1.0/doxia-sink-api-1.0.jar:/home/suvres/.m2/repository/org/jacoco/org.jacoco.agent/0.8.7/org.jacoco.agent-0.8.7-runtime.jar:/home/suvres/.m2/repository/org/jacoco/org.jacoco.core/0.8.7/org.jacoco.core-0.8.7.jar:/home/suvres/.m2/repository/org/ow2/asm/asm/9.1/asm-9.1.jar:/home/suvres/.m2/repository/org/ow2/asm/asm-commons/9.1/asm-commons-9.1.jar:/home/suvres/.m2/repository/org/ow2/asm/asm-analysis/9.1/asm-analysis-9.1.jar:/home/suvres/.m2/repository/org/ow2/asm/asm-tree/9.1/asm-tree-9.1.jar:/home/suvres/.m2/repository/org/jacoco/org.jacoco.report/0.8.7/org.jacoco.report-0.8.7.jar:"/>
    <property name="java.vm.vendor" value="Private Build"/>
    <property name="sun.arch.data.model" value="64"/>
    <property name="java.vendor.url" value="Unknown"/>
    <property name="os.name" value="Linux"/>
    <property name="java.vm.specification.version" value="16"/>
    <property name="sun.java.launcher" value="SUN_STANDARD"/>
    <property name="user.country" value="PL"/>
    <property name="sun.boot.library.path" value="/usr/lib/jvm/java-16-openjdk-amd64/lib"/>
    <property name="sun.java.command" value="/home/suvres/Dokumenty/AGH/sprawozdania/suvres/semestr5/java/lab_3/target/surefire/surefirebooter14667438772641217781.jar /home/suvres/Dokumenty/AGH/sprawozdania/suvres/semestr5/java/lab_3/target/surefire 2021-11-02T21-37-14_522-jvmRun1 surefire3086959748645508240tmp surefire_013654471425112870114tmp"/>
    <property name="jdk.debug" value="release"/>
    <property name="surefire.test.class.path" value="/home/suvres/Dokumenty/AGH/sprawozdania/suvres/semestr5/java/lab_3/target/test-classes:/home/suvres/Dokumenty/AGH/sprawozdania/suvres/semestr5/java/lab_3/target/classes:/home/suvres/.m2/repository/junit/junit/4.11/junit-4.11.jar:/home/suvres/.m2/repository/org/hamcrest/hamcrest-core/1.3/hamcrest-core-1.3.jar:/home/suvres/.m2/repository/org/jacoco/jacoco-maven-plugin/0.8.7/jacoco-maven-plugin-0.8.7.jar:/home/suvres/.m2/repository/org/apache/maven/maven-plugin-api/3.0/maven-plugin-api-3.0.jar:/home/suvres/.m2/repository/org/apache/maven/maven-model/3.0/maven-model-3.0.jar:/home/suvres/.m2/repository/org/apache/maven/maven-artifact/3.0/maven-artifact-3.0.jar:/home/suvres/.m2/repository/org/sonatype/sisu/sisu-inject-plexus/1.4.2/sisu-inject-plexus-1.4.2.jar:/home/suvres/.m2/repository/org/sonatype/sisu/sisu-inject-bean/1.4.2/sisu-inject-bean-1.4.2.jar:/home/suvres/.m2/repository/org/sonatype/sisu/sisu-guice/2.1.7/sisu-guice-2.1.7-noaop.jar:/home/suvres/.m2/repository/org/apache/maven/maven-core/3.0/maven-core-3.0.jar:/home/suvres/.m2/repository/org/apache/maven/maven-settings/3.0/maven-settings-3.0.jar:/home/suvres/.m2/repository/org/apache/maven/maven-settings-builder/3.0/maven-settings-builder-3.0.jar:/home/suvres/.m2/repository/org/apache/maven/maven-repository-metadata/3.0/maven-repository-metadata-3.0.jar:/home/suvres/.m2/repository/org/apache/maven/maven-model-builder/3.0/maven-model-builder-3.0.jar:/home/suvres/.m2/repository/org/apache/maven/maven-aether-provider/3.0/maven-aether-provider-3.0.jar:/home/suvres/.m2/repository/org/sonatype/aether/aether-impl/1.7/aether-impl-1.7.jar:/home/suvres/.m2/repository/org/sonatype/aether/aether-spi/1.7/aether-spi-1.7.jar:/home/suvres/.m2/repository/org/sonatype/aether/aether-api/1.7/aether-api-1.7.jar:/home/suvres/.m2/repository/org/sonatype/aether/aether-util/1.7/aether-util-1.7.jar:/home/suvres/.m2/repository/org/codehaus/plexus/plexus-interpolation/1.14/plexus-interpolation-1.14.jar:/home/suvres/.m2/repository/org/codehaus/plexus/plexus-classworlds/2.2.3/plexus-classworlds-2.2.3.jar:/home/suvres/.m2/repository/org/codehaus/plexus/plexus-component-annotations/1.5.5/plexus-component-annotations-1.5.5.jar:/home/suvres/.m2/repository/org/sonatype/plexus/plexus-sec-dispatcher/1.3/plexus-sec-dispatcher-1.3.jar:/home/suvres/.m2/repository/org/sonatype/plexus/plexus-cipher/1.4/plexus-cipher-1.4.jar:/home/suvres/.m2/repository/org/codehaus/plexus/plexus-utils/3.0.22/plexus-utils-3.0.22.jar:/home/suvres/.m2/repository/org/apache/maven/shared/file-management/1.2.1/file-management-1.2.1.jar:/home/suvres/.m2/repository/org/apache/maven/shared/maven-shared-io/1.1/maven-shared-io-1.1.jar:/home/suvres/.m2/repository/org/apache/maven/maven-artifact-manager/2.0.2/maven-artifact-manager-2.0.2.jar:/home/suvres/.m2/repository/org/apache/maven/wagon/wagon-provider-api/1.0-alpha-6/wagon-provider-api-1.0-alpha-6.jar:/home/suvres/.m2/repository/org/codehaus/plexus/plexus-container-default/1.0-alpha-9/plexus-container-default-1.0-alpha-9.jar:/home/suvres/.m2/repository/classworlds/classworlds/1.1-alpha-2/classworlds-1.1-alpha-2.jar:/home/suvres/.m2/repository/org/apache/maven/reporting/maven-reporting-api/3.0/maven-reporting-api-3.0.jar:/home/suvres/.m2/repository/org/apache/maven/doxia/doxia-sink-api/1.0/doxia-sink-api-1.0.jar:/home/suvres/.m2/repository/org/jacoco/org.jacoco.agent/0.8.7/org.jacoco.agent-0.8.7-runtime.jar:/home/suvres/.m2/repository/org/jacoco/org.jacoco.core/0.8.7/org.jacoco.core-0.8.7.jar:/home/suvres/.m2/repository/org/ow2/asm/asm/9.1/asm-9.1.jar:/home/suvres/.m2/repository/org/ow2/asm/asm-commons/9.1/asm-commons-9.1.jar:/home/suvres/.m2/repository/org/ow2/asm/asm-analysis/9.1/asm-analysis-9.1.jar:/home/suvres/.m2/repository/org/ow2/asm/asm-tree/9.1/asm-tree-9.1.jar:/home/suvres/.m2/repository/org/jacoco/org.jacoco.report/0.8.7/org.jacoco.report-0.8.7.jar:"/>
    <property name="sun.cpu.endian" value="little"/>
    <property name="user.home" value="/home/suvres"/>
    <property name="user.language" value="pl"/>
    <property name="java.specification.vendor" value="Oracle Corporation"/>
    <property name="java.version.date" value="2021-04-20"/>
    <property name="java.home" value="/usr/lib/jvm/java-16-openjdk-amd64"/>
    <property name="file.separator" value="/"/>
    <property name="basedir" value="/home/suvres/Dokumenty/AGH/sprawozdania/suvres/semestr5/java/lab_3"/>
    <property name="java.vm.compressedOopsMode" value="Zero based"/>
    <property name="line.separator" value="&#10;"/>
    <property name="java.vm.specification.vendor" value="Oracle Corporation"/>
    <property name="java.specification.name" value="Java Platform API Specification"/>
    <property name="surefire.real.class.path" value="/home/suvres/Dokumenty/AGH/sprawozdania/suvres/semestr5/java/lab_3/target/surefire/surefirebooter14667438772641217781.jar"/>
    <property name="sun.management.compiler" value="HotSpot 64-Bit Tiered Compilers"/>
    <property name="java.runtime.version" value="16.0.1+9-Ubuntu-120.04"/>
    <property name="user.name" value="suvres"/>
    <property name="path.separator" value=":"/>
    <property name="os.version" value="5.4.0-88-generic"/>
    <property name="java.runtime.name" value="OpenJDK Runtime Environment"/>
    <property name="file.encoding" value="UTF-8"/>
    <property name="java.vm.name" value="OpenJDK 64-Bit Server VM"/>
    <property name="localRepository" value="/home/suvres/.m2/repository"/>
    <property name="java.vendor.url.bug" value="Unknown"/>
    <property name="java.io.tmpdir" value="/tmp"/>
    <property name="java.version" value="16.0.1"/>
    <property name="user.dir" value="/home/suvres/Dokumenty/AGH/sprawozdania/suvres/semestr5/java/lab_3"/>
    <property name="os.arch" value="amd64"/>
    <property name="java.vm.specification.name" value="Java Virtual Machine Specification"/>
    <property name="java.library.path" value="/usr/java/packages/lib:/usr/lib/x86_64-linux-gnu/jni:/lib/x86_64-linux-gnu:/usr/lib/x86_64-linux-gnu:/usr/lib/jni:/lib:/usr/lib"/>
    <property name="java.vm.info" value="mixed mode, sharing"/>
    <property name="java.vendor" value="Private Build"/>
    <property name="java.vm.version" value="16.0.1+9-Ubuntu-120.04"/>
    <property name="sun.io.unicode.encoding" value="UnicodeLittle"/>
    <property name="java.class.version" value="60.0"/>
  </properties>
  <testcase name="testLetters" classname="main.zad13.zad13Test" time="0.003"/>
  <testcase name="testPi" classname="main.zad14.zad14Test" time="0.606"/>
  <testcase name="testPi" classname="main.zad15.zad15Test" time="0.001"/>
  <testcase name="testNodeSum" classname="main.zad50.zad50Test" time="0.002"/>
  <testcase name="testShuffle" classname="main.zad51.zad51Test" time="0.001"/>
  <testcase name="testMatrix" classname="main.zad56.zad56Test" time="0.001"/>
  <testcase name="testPerfectNumber" classname="main.zad70.zad70Test" time="0.002"/>
  <testcase name="testZadanie" classname="main.zad74.zad74Test" time="0.001"/>
  <testcase name="testZadanie" classname="main.zad76.zad76Test" time="0.001"/>
  <testcase name="testZadanie" classname="main.zad79.zad79Test" time="0"/>
  <testcase name="shouldAnswerWithTrue" classname="main.AppTest" time="0"/>
</testsuite>